[2025-02-12 10:06:46] Toplam sütun sayısı: 247
[2025-02-12 10:06:46] İlk 5 satır önizleme:
     0          1          2          3          4          5          6          7          8          9          10         11         12         13         14         15         16         17         18         19         20         21         22         23         24         25         26         27         28         29         30         31         32         33         34         35         36         37         38         39         40         41         42         43         44         45         46         47         48         49         50         51         52         53         54         55         56         57         58         59         60         61         62         63         64         65         66         67         68         69         70         71         72         73         74         75         76         77         78         79         80         81         82         83         84         85         86         87         88         89         90         91         92         93         94         95         96         97         98         99         100        101        102        103        104        105        106        107        108        109        110        111        112        113        114        115        116        117        118        119        120        121        122        123        124        125        126        127        128        129        130        131        132        133        134        135        136        137        138        139        140        141        142        143        144        145        146        147        148        149        150        151        152        153        154        155        156        157        158        159        160        161        162        163        164        165        166        167        168        169        170        171        172        173        174        175        176        177        178        179        180        181        182        183        184        185        186        187        188        189        190        191        192        193        194        195        196        197        198        199        200        201        202        203        204        205        206        207        208        209        210        211        212        213        214        215        216        217        218        219        220        221        222        223        224        225        226        227        228        229        230        231        232        233        234        235        236        237        238        239        240        241        242        243        244        245        246
0    NaN 2021-05-01 2021-05-02 2021-05-03 2021-05-04 2021-05-05 2021-05-06 2021-05-07 2021-05-08 2021-05-09 2021-05-10 2021-05-11 2021-05-12 2021-05-13 2021-05-14 2021-05-15 2021-05-16 2021-05-17 2021-05-18 2021-05-19 2021-05-20 2021-05-21 2021-05-22 2021-05-23 2021-05-24 2021-05-25 2021-05-26 2021-05-27 2021-05-28 2021-05-29 2021-05-30 2021-05-31 2021-06-01 2021-06-02 2021-06-03 2021-06-04 2021-06-05 2021-06-06 2021-06-07 2021-06-08 2021-06-09 2021-06-10 2021-06-11 2021-06-12 2021-06-13 2021-06-14 2021-06-15 2021-06-16 2021-06-17 2021-06-18 2021-06-19 2021-06-20 2021-06-21 2021-06-22 2021-06-23 2021-06-24 2021-06-25 2021-06-26 2021-06-27 2021-06-28 2021-06-29 2021-06-30 2021-07-01 2021-07-02 2021-07-03 2021-07-04 2021-07-05 2021-07-06 2021-07-07 2021-07-08 2021-07-09 2021-07-10 2021-07-11 2021-07-12 2021-07-13 2021-07-14 2021-07-15 2021-07-16 2021-07-17 2021-07-18 2021-07-19 2021-07-20 2021-07-21 2021-07-22 2021-07-23 2021-07-24 2021-07-25 2021-07-26 2021-07-27 2021-07-28 2021-07-29 2021-07-30 2021-07-31 2021-08-01 2021-08-02 2021-08-03 2021-08-04 2021-08-05 2021-08-06 2021-08-07 2021-08-08 2021-08-09 2021-08-10 2021-08-11 2021-08-12 2021-08-13 2021-08-14 2021-08-15 2021-08-16 2021-08-17 2021-08-18 2021-08-19 2021-08-20 2021-08-21 2021-08-22 2021-08-23 2021-08-24 2021-08-25 2021-08-26 2021-08-27 2021-08-28 2021-08-29 2021-08-30 2021-08-31 2021-09-01 2021-09-02 2021-09-03 2021-09-04 2021-09-05 2021-09-06 2021-09-07 2021-09-08 2021-09-09 2021-09-10 2021-09-11 2021-09-12 2021-09-13 2021-09-14 2021-09-15 2021-09-16 2021-09-17 2021-09-18 2021-09-19 2021-09-20 2021-09-21 2021-09-22 2021-09-23 2021-09-24 2021-09-25 2021-09-26 2021-09-27 2021-09-28 2021-09-29 2021-09-30 2021-10-01 2021-10-02 2021-10-03 2021-10-04 2021-10-05 2021-10-06 2021-10-07 2021-10-08 2021-10-09 2021-10-10 2021-10-11 2021-10-12 2021-10-13 2021-10-14 2021-10-15 2021-10-16 2021-10-17 2021-10-18 2021-10-19 2021-10-20 2021-10-21 2021-10-22 2021-10-23 2021-10-24 2021-10-25 2021-10-26 2021-10-27 2021-10-28 2021-10-29 2021-10-30 2021-10-31 2021-11-01 2021-11-02 2021-11-03 2021-11-04 2021-11-05 2021-11-06 2021-11-07 2021-11-08 2021-11-09 2021-11-10 2021-11-11 2021-11-12 2021-11-13 2021-11-14 2021-11-15 2021-11-16 2021-11-17 2021-11-18 2021-11-19 2021-11-20 2021-11-21 2021-11-22 2021-11-23 2021-11-24 2021-11-25 2021-11-26 2021-11-27 2021-11-28 2021-11-29 2021-11-30 2021-12-01 2021-12-02 2021-12-03 2021-12-04 2021-12-05 2021-12-06 2021-12-07 2021-12-08 2021-12-09 2021-12-10 2021-12-11 2021-12-12 2021-12-13 2021-12-14 2021-12-15 2021-12-16 2021-12-17 2021-12-18 2021-12-19 2021-12-20 2021-12-21 2021-12-22 2021-12-23 2021-12-24 2021-12-25 2021-12-26 2021-12-27 2021-12-28 2021-12-29 2021-12-30 2021-12-31 2022-01-01
1  ODA 1        NaT        NaT        NaT        NaT        NaT        NaT        NaT        NaT        NaT        NaT        NaT        NaT        NaT        NaT        NaT        NaT        NaT        NaT        NaT        NaT        NaT        NaT        NaT        NaT        NaT        NaT        NaT        NaT        NaT        NaT        NaT        NaT        NaT        NaT        NaT        NaT        NaT        NaT        NaT        NaT        NaT        NaT        NaT        NaT        NaT        NaT        NaT        NaT        NaT        NaT        NaT        NaT        NaT        NaT        NaT        NaT        NaT        NaT        NaT        NaT        NaT        NaT        NaT        NaT        NaT        NaT        NaT        NaT        NaT        NaT        NaT        NaT        NaT        NaT        NaT        NaT        NaT        NaT        NaT        NaT        NaT        NaT        NaT        NaT        NaT        NaT        NaT        NaT        NaT        NaT        NaT        NaT        NaT        NaT        NaT        NaT        NaT        NaT        NaT        NaT        NaT        NaT        NaT        NaT        NaT        NaT        NaT        NaT        NaT        NaT        NaT        NaT        NaT        NaT        NaT        NaT        NaT        NaT        NaT        NaT        NaT        NaT        NaT        NaT        NaT        NaT        NaT        NaT        NaT        NaT        NaT        NaT        NaT        NaT        NaT        NaT        NaT        NaT        NaT        NaT        NaT        NaT        NaT        NaT        NaT        NaT        NaT        NaT        NaT        NaT        NaT        NaT        NaT        NaT        NaT        NaT        NaT        NaT        NaT        NaT        NaT        NaT        NaT        NaT        NaT        NaT        NaT        NaT        NaT        NaT        NaT        NaT        NaT        NaT        NaT        NaT        NaT        NaT        NaT        NaT        NaT        NaT        NaT        NaT        NaT        NaT        NaT        NaT        NaT        NaT        NaT        NaT        NaT        NaT        NaT        NaT        NaT        NaT        NaT        NaT        NaT        NaT        NaT        NaT        NaT        NaT        NaT        NaT        NaT        NaT        NaT        NaT        NaT        NaT        NaT        NaT        NaT        NaT        NaT        NaT        NaT        NaT        NaT        NaT        NaT        NaT        NaT        NaT        NaT        NaT        NaT        NaT        NaT        NaT        NaT        NaT        NaT        NaT        NaT        NaT        NaT        NaT        NaT        NaT        NaT        NaT
2  ODA 2        NaT        NaT        NaT        NaT        NaT        NaT        NaT        NaT        NaT        NaT        NaT        NaT        NaT        NaT        NaT        NaT        NaT        NaT        NaT        NaT        NaT        NaT        NaT        NaT        NaT        NaT        NaT        NaT        NaT        NaT        NaT        NaT        NaT        NaT        NaT        NaT        NaT        NaT        NaT        NaT        NaT        NaT        NaT        NaT        NaT        NaT        NaT        NaT        NaT        NaT        NaT        NaT        NaT        NaT        NaT        NaT        NaT        NaT        NaT        NaT        NaT        NaT        NaT        NaT        NaT        NaT        NaT        NaT        NaT        NaT        NaT        NaT        NaT        NaT        NaT        NaT        NaT        NaT        NaT        NaT        NaT        NaT        NaT        NaT        NaT        NaT        NaT        NaT        NaT        NaT        NaT        NaT        NaT        NaT        NaT        NaT        NaT        NaT        NaT        NaT        NaT        NaT        NaT        NaT        NaT        NaT        NaT        NaT        NaT        NaT        NaT        NaT        NaT        NaT        NaT        NaT        NaT        NaT        NaT        NaT        NaT        NaT        NaT        NaT        NaT        NaT        NaT        NaT        NaT        NaT        NaT        NaT        NaT        NaT        NaT        NaT        NaT        NaT        NaT        NaT        NaT        NaT        NaT        NaT        NaT        NaT        NaT        NaT        NaT        NaT        NaT        NaT        NaT        NaT        NaT        NaT        NaT        NaT        NaT        NaT        NaT        NaT        NaT        NaT        NaT        NaT        NaT        NaT        NaT        NaT        NaT        NaT        NaT        NaT        NaT        NaT        NaT        NaT        NaT        NaT        NaT        NaT        NaT        NaT        NaT        NaT        NaT        NaT        NaT        NaT        NaT        NaT        NaT        NaT        NaT        NaT        NaT        NaT        NaT        NaT        NaT        NaT        NaT        NaT        NaT        NaT        NaT        NaT        NaT        NaT        NaT        NaT        NaT        NaT        NaT        NaT        NaT        NaT        NaT        NaT        NaT        NaT        NaT        NaT        NaT        NaT        NaT        NaT        NaT        NaT        NaT        NaT        NaT        NaT        NaT        NaT        NaT        NaT        NaT        NaT        NaT        NaT        NaT        NaT        NaT        NaT
3  ODA 3        NaT        NaT        NaT        NaT        NaT        NaT        NaT        NaT        NaT        NaT        NaT        NaT        NaT        NaT        NaT        NaT        NaT        NaT        NaT        NaT        NaT        NaT        NaT        NaT        NaT        NaT        NaT        NaT        NaT        NaT        NaT        NaT        NaT        NaT        NaT        NaT        NaT        NaT        NaT        NaT        NaT        NaT        NaT        NaT        NaT        NaT        NaT        NaT        NaT        NaT        NaT        NaT        NaT        NaT        NaT        NaT        NaT        NaT        NaT        NaT        NaT        NaT        NaT        NaT        NaT        NaT        NaT        NaT        NaT        NaT        NaT        NaT        NaT        NaT        NaT        NaT        NaT        NaT        NaT        NaT        NaT        NaT        NaT        NaT        NaT        NaT        NaT        NaT        NaT        NaT        NaT        NaT        NaT        NaT        NaT        NaT        NaT        NaT        NaT        NaT        NaT        NaT        NaT        NaT        NaT        NaT        NaT        NaT        NaT        NaT        NaT        NaT        NaT        NaT        NaT        NaT        NaT        NaT        NaT        NaT        NaT        NaT        NaT        NaT        NaT        NaT        NaT        NaT        NaT        NaT        NaT        NaT        NaT        NaT        NaT        NaT        NaT        NaT        NaT        NaT        NaT        NaT        NaT        NaT        NaT        NaT        NaT        NaT        NaT        NaT        NaT        NaT        NaT        NaT        NaT        NaT        NaT        NaT        NaT        NaT        NaT        NaT        NaT        NaT        NaT        NaT        NaT        NaT        NaT        NaT        NaT        NaT        NaT        NaT        NaT        NaT        NaT        NaT        NaT        NaT        NaT        NaT        NaT        NaT        NaT        NaT        NaT        NaT        NaT        NaT        NaT        NaT        NaT        NaT        NaT        NaT        NaT        NaT        NaT        NaT        NaT        NaT        NaT        NaT        NaT        NaT        NaT        NaT        NaT        NaT        NaT        NaT        NaT        NaT        NaT        NaT        NaT        NaT        NaT        NaT        NaT        NaT        NaT        NaT        NaT        NaT        NaT        NaT        NaT        NaT        NaT        NaT        NaT        NaT        NaT        NaT        NaT        NaT        NaT        NaT        NaT        NaT        NaT        NaT        NaT        NaT
4  ODA 4        NaT        NaT        NaT        NaT        NaT        NaT        NaT        NaT        NaT        NaT        NaT        NaT        NaT        NaT        NaT        NaT        NaT        NaT        NaT        NaT        NaT        NaT        NaT        NaT        NaT        NaT        NaT        NaT        NaT        NaT        NaT        NaT        NaT        NaT        NaT        NaT        NaT        NaT        NaT        NaT        NaT        NaT        NaT        NaT        NaT        NaT        NaT        NaT        NaT        NaT        NaT        NaT        NaT        NaT        NaT        NaT        NaT        NaT        NaT        NaT        NaT        NaT        NaT        NaT        NaT        NaT        NaT        NaT        NaT        NaT        NaT        NaT        NaT        NaT        NaT        NaT        NaT        NaT        NaT        NaT        NaT        NaT        NaT        NaT        NaT        NaT        NaT        NaT        NaT        NaT        NaT        NaT        NaT        NaT        NaT        NaT        NaT        NaT        NaT        NaT        NaT        NaT        NaT        NaT        NaT        NaT        NaT        NaT        NaT        NaT        NaT        NaT        NaT        NaT        NaT        NaT        NaT        NaT        NaT        NaT        NaT        NaT        NaT        NaT        NaT        NaT        NaT        NaT        NaT        NaT        NaT        NaT        NaT        NaT        NaT        NaT        NaT        NaT        NaT        NaT        NaT        NaT        NaT        NaT        NaT        NaT        NaT        NaT        NaT        NaT        NaT        NaT        NaT        NaT        NaT        NaT        NaT        NaT        NaT        NaT        NaT        NaT        NaT        NaT        NaT        NaT        NaT        NaT        NaT        NaT        NaT        NaT        NaT        NaT        NaT        NaT        NaT        NaT        NaT        NaT        NaT        NaT        NaT        NaT        NaT        NaT        NaT        NaT        NaT        NaT        NaT        NaT        NaT        NaT        NaT        NaT        NaT        NaT        NaT        NaT        NaT        NaT        NaT        NaT        NaT        NaT        NaT        NaT        NaT        NaT        NaT        NaT        NaT        NaT        NaT        NaT        NaT        NaT        NaT        NaT        NaT        NaT        NaT        NaT        NaT        NaT        NaT        NaT        NaT        NaT        NaT        NaT        NaT        NaT        NaT        NaT        NaT        NaT        NaT        NaT        NaT        NaT        NaT        NaT        NaT        NaT
[2025-02-12 10:06:46] A sütunu örnekleri:
['ODA 1', 'ODA 2', 'ODA 3']
[2025-02-12 10:06:46] B sütunu örnekleri:
['2021-05-01']
[2025-02-12 10:06:46] C sütunu örnekleri:
['2021-05-02']
[2025-02-12 10:06:46] D sütunu örnekleri:
['2021-05-03']
[2025-02-12 10:06:46] E sütunu örnekleri:
['2021-05-04']
[2025-02-12 10:06:46] F sütunu örnekleri:
['2021-05-05']
[2025-02-12 10:06:46] G sütunu örnekleri:
['2021-05-06']
[2025-02-12 10:06:46] H sütunu örnekleri:
['2021-05-07']
[2025-02-12 10:06:46] I sütunu örnekleri:
['2021-05-08']
[2025-02-12 10:06:46] J sütunu örnekleri:
['2021-05-09']
[2025-02-12 10:06:46] K sütunu örnekleri:
['2021-05-10']
[2025-02-12 10:06:46] L sütunu örnekleri:
['2021-05-11']
[2025-02-12 10:06:46] M sütunu örnekleri:
['2021-05-12']
[2025-02-12 10:06:46] N sütunu örnekleri:
['2021-05-13']
[2025-02-12 10:06:46] O sütunu örnekleri:
['2021-05-14']
[2025-02-12 10:06:46] P sütunu örnekleri:
['2021-05-15']
[2025-02-12 10:06:46] Q sütunu örnekleri:
['2021-05-16']
[2025-02-12 10:06:46] R sütunu örnekleri:
['2021-05-17']
[2025-02-12 10:06:46] S sütunu örnekleri:
['2021-05-18']
[2025-02-12 10:06:46] T sütunu örnekleri:
['2021-05-19']
[2025-02-12 10:06:46] U sütunu örnekleri:
['2021-05-20']
[2025-02-12 10:06:46] V sütunu örnekleri:
['2021-05-21']
[2025-02-12 10:06:46] W sütunu örnekleri:
['2021-05-22']
[2025-02-12 10:06:46] X sütunu örnekleri:
['2021-05-23']
[2025-02-12 10:06:46] Y sütunu örnekleri:
['2021-05-24']
[2025-02-12 10:06:46] Z sütunu örnekleri:
['2021-05-25']
[2025-02-12 10:06:46] AA sütunu örnekleri:
['2021-05-26']
[2025-02-12 10:06:46] AB sütunu örnekleri:
['2021-05-27']
[2025-02-12 10:06:46] AC sütunu örnekleri:
['2021-05-28']
[2025-02-12 10:06:46] AD sütunu örnekleri:
['2021-05-29']
[2025-02-12 10:06:46] AE sütunu örnekleri:
['2021-05-30']
[2025-02-12 10:06:46] AF sütunu örnekleri:
['2021-05-31']
[2025-02-12 10:06:46] AG sütunu örnekleri:
['2021-06-01']
[2025-02-12 10:06:46] AH sütunu örnekleri:
['2021-06-02']
[2025-02-12 10:06:46] AI sütunu örnekleri:
['2021-06-03']
[2025-02-12 10:06:46] AJ sütunu örnekleri:
['2021-06-04']
[2025-02-12 10:06:46] AK sütunu örnekleri:
['2021-06-05']
[2025-02-12 10:06:46] AL sütunu örnekleri:
['2021-06-06']
[2025-02-12 10:06:46] AM sütunu örnekleri:
['2021-06-07']
[2025-02-12 10:06:46] AN sütunu örnekleri:
['2021-06-08']
[2025-02-12 10:06:46] AO sütunu örnekleri:
['2021-06-09']
[2025-02-12 10:06:46] AP sütunu örnekleri:
['2021-06-10']
[2025-02-12 10:06:46] AQ sütunu örnekleri:
['2021-06-11']
[2025-02-12 10:06:46] AR sütunu örnekleri:
['2021-06-12']
[2025-02-12 10:06:46] AS sütunu örnekleri:
['2021-06-13']
[2025-02-12 10:06:46] AT sütunu örnekleri:
['2021-06-14']
[2025-02-12 10:06:46] AU sütunu örnekleri:
['2021-06-15']
[2025-02-12 10:06:46] AV sütunu örnekleri:
['2021-06-16']
[2025-02-12 10:06:46] AW sütunu örnekleri:
['2021-06-17']
[2025-02-12 10:06:46] AX sütunu örnekleri:
['2021-06-18']
[2025-02-12 10:06:46] AY sütunu örnekleri:
['2021-06-19']
[2025-02-12 10:06:46] AZ sütunu örnekleri:
['2021-06-20']
[2025-02-12 10:06:46] BA sütunu örnekleri:
['2021-06-21']
[2025-02-12 10:06:46] BB sütunu örnekleri:
['2021-06-22']
[2025-02-12 10:06:46] BC sütunu örnekleri:
['2021-06-23']
[2025-02-12 10:06:46] BD sütunu örnekleri:
['2021-06-24']
[2025-02-12 10:06:46] BE sütunu örnekleri:
['2021-06-25']
[2025-02-12 10:06:46] BF sütunu örnekleri:
['2021-06-26']
[2025-02-12 10:06:46] BG sütunu örnekleri:
['2021-06-27']
[2025-02-12 10:06:46] BH sütunu örnekleri:
['2021-06-28']
[2025-02-12 10:06:46] BI sütunu örnekleri:
['2021-06-29']
[2025-02-12 10:06:46] BJ sütunu örnekleri:
['2021-06-30']
[2025-02-12 10:06:46] BK sütunu örnekleri:
['2021-07-01']
[2025-02-12 10:06:46] BL sütunu örnekleri:
['2021-07-02']
[2025-02-12 10:06:46] BM sütunu örnekleri:
['2021-07-03']
[2025-02-12 10:06:46] BN sütunu örnekleri:
['2021-07-04']
[2025-02-12 10:06:46] BO sütunu örnekleri:
['2021-07-05']
[2025-02-12 10:06:46] BP sütunu örnekleri:
['2021-07-06']
[2025-02-12 10:06:46] BQ sütunu örnekleri:
['2021-07-07']
[2025-02-12 10:06:46] BR sütunu örnekleri:
['2021-07-08']
[2025-02-12 10:06:46] BS sütunu örnekleri:
['2021-07-09']
[2025-02-12 10:06:46] BT sütunu örnekleri:
['2021-07-10']
[2025-02-12 10:06:46] BU sütunu örnekleri:
['2021-07-11']
[2025-02-12 10:06:46] BV sütunu örnekleri:
['2021-07-12']
[2025-02-12 10:06:46] BW sütunu örnekleri:
['2021-07-13']
[2025-02-12 10:06:46] BX sütunu örnekleri:
['2021-07-14']
[2025-02-12 10:06:46] BY sütunu örnekleri:
['2021-07-15']
[2025-02-12 10:06:46] BZ sütunu örnekleri:
['2021-07-16']
[2025-02-12 10:06:46] CA sütunu örnekleri:
['2021-07-17']
[2025-02-12 10:06:46] CB sütunu örnekleri:
['2021-07-18']
[2025-02-12 10:06:46] CC sütunu örnekleri:
['2021-07-19']
[2025-02-12 10:06:46] CD sütunu örnekleri:
['2021-07-20']
[2025-02-12 10:06:46] CE sütunu örnekleri:
['2021-07-21']
[2025-02-12 10:06:46] CF sütunu örnekleri:
['2021-07-22']
[2025-02-12 10:06:46] CG sütunu örnekleri:
['2021-07-23']
[2025-02-12 10:06:46] CH sütunu örnekleri:
['2021-07-24']
[2025-02-12 10:06:46] CI sütunu örnekleri:
['2021-07-25']
[2025-02-12 10:06:46] CJ sütunu örnekleri:
['2021-07-26']
[2025-02-12 10:06:46] CK sütunu örnekleri:
['2021-07-27']
[2025-02-12 10:06:46] CL sütunu örnekleri:
['2021-07-28']
[2025-02-12 10:06:46] CM sütunu örnekleri:
['2021-07-29']
[2025-02-12 10:06:46] CN sütunu örnekleri:
['2021-07-30']
[2025-02-12 10:06:46] CO sütunu örnekleri:
['2021-07-31']
[2025-02-12 10:06:46] CP sütunu örnekleri:
['2021-08-01']
[2025-02-12 10:06:46] CQ sütunu örnekleri:
['2021-08-02']
[2025-02-12 10:06:46] CR sütunu örnekleri:
['2021-08-03']
[2025-02-12 10:06:46] CS sütunu örnekleri:
['2021-08-04']
[2025-02-12 10:06:46] CT sütunu örnekleri:
['2021-08-05']
[2025-02-12 10:06:46] CU sütunu örnekleri:
['2021-08-06']
[2025-02-12 10:06:46] CV sütunu örnekleri:
['2021-08-07']
[2025-02-12 10:06:46] CW sütunu örnekleri:
['2021-08-08']
[2025-02-12 10:06:46] CX sütunu örnekleri:
['2021-08-09']
[2025-02-12 10:06:46] CY sütunu örnekleri:
['2021-08-10']
[2025-02-12 10:06:46] CZ sütunu örnekleri:
['2021-08-11']
[2025-02-12 10:06:46] DA sütunu örnekleri:
['2021-08-12']
[2025-02-12 10:06:46] DB sütunu örnekleri:
['2021-08-13']
[2025-02-12 10:06:46] DC sütunu örnekleri:
['2021-08-14']
[2025-02-12 10:06:46] DD sütunu örnekleri:
['2021-08-15']
[2025-02-12 10:06:46] DE sütunu örnekleri:
['2021-08-16']
[2025-02-12 10:06:46] DF sütunu örnekleri:
['2021-08-17']
[2025-02-12 10:06:46] DG sütunu örnekleri:
['2021-08-18']
[2025-02-12 10:06:46] DH sütunu örnekleri:
['2021-08-19']
[2025-02-12 10:06:46] DI sütunu örnekleri:
['2021-08-20']
[2025-02-12 10:06:46] DJ sütunu örnekleri:
['2021-08-21']
[2025-02-12 10:06:46] DK sütunu örnekleri:
['2021-08-22']
[2025-02-12 10:06:46] DL sütunu örnekleri:
['2021-08-23']
[2025-02-12 10:06:46] DM sütunu örnekleri:
['2021-08-24']
[2025-02-12 10:06:46] DN sütunu örnekleri:
['2021-08-25']
[2025-02-12 10:06:46] DO sütunu örnekleri:
['2021-08-26']
[2025-02-12 10:06:46] DP sütunu örnekleri:
['2021-08-27']
[2025-02-12 10:06:46] DQ sütunu örnekleri:
['2021-08-28']
[2025-02-12 10:06:46] DR sütunu örnekleri:
['2021-08-29']
[2025-02-12 10:06:46] DS sütunu örnekleri:
['2021-08-30']
[2025-02-12 10:06:46] DT sütunu örnekleri:
['2021-08-31']
[2025-02-12 10:06:46] DU sütunu örnekleri:
['2021-09-01']
[2025-02-12 10:06:46] DV sütunu örnekleri:
['2021-09-02']
[2025-02-12 10:06:46] DW sütunu örnekleri:
['2021-09-03']
[2025-02-12 10:06:46] DX sütunu örnekleri:
['2021-09-04']
[2025-02-12 10:06:46] DY sütunu örnekleri:
['2021-09-05']
[2025-02-12 10:06:46] DZ sütunu örnekleri:
['2021-09-06']
[2025-02-12 10:06:46] EA sütunu örnekleri:
['2021-09-07']
[2025-02-12 10:06:46] EB sütunu örnekleri:
['2021-09-08']
[2025-02-12 10:06:46] EC sütunu örnekleri:
['2021-09-09']
[2025-02-12 10:06:46] ED sütunu örnekleri:
['2021-09-10']
[2025-02-12 10:06:46] EE sütunu örnekleri:
['2021-09-11']
[2025-02-12 10:06:46] EF sütunu örnekleri:
['2021-09-12']
[2025-02-12 10:06:46] EG sütunu örnekleri:
['2021-09-13']
[2025-02-12 10:06:46] EH sütunu örnekleri:
['2021-09-14']
[2025-02-12 10:06:46] EI sütunu örnekleri:
['2021-09-15']
[2025-02-12 10:06:46] EJ sütunu örnekleri:
['2021-09-16']
[2025-02-12 10:06:46] EK sütunu örnekleri:
['2021-09-17']
[2025-02-12 10:06:46] EL sütunu örnekleri:
['2021-09-18']
[2025-02-12 10:06:46] EM sütunu örnekleri:
['2021-09-19']
[2025-02-12 10:06:46] EN sütunu örnekleri:
['2021-09-20']
[2025-02-12 10:06:46] EO sütunu örnekleri:
['2021-09-21']
[2025-02-12 10:06:46] EP sütunu örnekleri:
['2021-09-22']
[2025-02-12 10:06:46] EQ sütunu örnekleri:
['2021-09-23']
[2025-02-12 10:06:46] ER sütunu örnekleri:
['2021-09-24']
[2025-02-12 10:06:46] ES sütunu örnekleri:
['2021-09-25']
[2025-02-12 10:06:46] ET sütunu örnekleri:
['2021-09-26']
[2025-02-12 10:06:46] EU sütunu örnekleri:
['2021-09-27']
[2025-02-12 10:06:46] EV sütunu örnekleri:
['2021-09-28']
[2025-02-12 10:06:46] EW sütunu örnekleri:
['2021-09-29']
[2025-02-12 10:06:46] EX sütunu örnekleri:
['2021-09-30']
[2025-02-12 10:06:46] EY sütunu örnekleri:
['2021-10-01']
[2025-02-12 10:06:46] EZ sütunu örnekleri:
['2021-10-02']
[2025-02-12 10:06:46] FA sütunu örnekleri:
['2021-10-03']
[2025-02-12 10:06:46] FB sütunu örnekleri:
['2021-10-04']
[2025-02-12 10:06:46] FC sütunu örnekleri:
['2021-10-05']
[2025-02-12 10:06:46] FD sütunu örnekleri:
['2021-10-06']
[2025-02-12 10:06:46] FE sütunu örnekleri:
['2021-10-07']
[2025-02-12 10:06:46] FF sütunu örnekleri:
['2021-10-08']
[2025-02-12 10:06:46] FG sütunu örnekleri:
['2021-10-09']
[2025-02-12 10:06:46] FH sütunu örnekleri:
['2021-10-10']
[2025-02-12 10:06:46] FI sütunu örnekleri:
['2021-10-11']
[2025-02-12 10:06:46] FJ sütunu örnekleri:
['2021-10-12']
[2025-02-12 10:06:46] FK sütunu örnekleri:
['2021-10-13']
[2025-02-12 10:06:46] FL sütunu örnekleri:
['2021-10-14']
[2025-02-12 10:06:46] FM sütunu örnekleri:
['2021-10-15']
[2025-02-12 10:06:46] FN sütunu örnekleri:
['2021-10-16']
[2025-02-12 10:06:46] FO sütunu örnekleri:
['2021-10-17']
[2025-02-12 10:06:46] FP sütunu örnekleri:
['2021-10-18']
[2025-02-12 10:06:46] FQ sütunu örnekleri:
['2021-10-19']
[2025-02-12 10:06:46] FR sütunu örnekleri:
['2021-10-20']
[2025-02-12 10:06:46] FS sütunu örnekleri:
['2021-10-21']
[2025-02-12 10:06:46] FT sütunu örnekleri:
['2021-10-22']
[2025-02-12 10:06:46] FU sütunu örnekleri:
['2021-10-23']
[2025-02-12 10:06:46] FV sütunu örnekleri:
['2021-10-24']
[2025-02-12 10:06:46] FW sütunu örnekleri:
['2021-10-25']
[2025-02-12 10:06:46] FX sütunu örnekleri:
['2021-10-26']
[2025-02-12 10:06:46] FY sütunu örnekleri:
['2021-10-27']
[2025-02-12 10:06:46] FZ sütunu örnekleri:
['2021-10-28']
[2025-02-12 10:06:46] GA sütunu örnekleri:
['2021-10-29']
[2025-02-12 10:06:46] GB sütunu örnekleri:
['2021-10-30']
[2025-02-12 10:06:46] GC sütunu örnekleri:
['2021-10-31']
[2025-02-12 10:06:46] GD sütunu örnekleri:
['2021-11-01']
[2025-02-12 10:06:46] GE sütunu örnekleri:
['2021-11-02']
[2025-02-12 10:06:46] GF sütunu örnekleri:
['2021-11-03']
[2025-02-12 10:06:46] GG sütunu örnekleri:
['2021-11-04']
[2025-02-12 10:06:46] GH sütunu örnekleri:
['2021-11-05']
[2025-02-12 10:06:46] GI sütunu örnekleri:
['2021-11-06']
[2025-02-12 10:06:46] GJ sütunu örnekleri:
['2021-11-07']
[2025-02-12 10:06:46] GK sütunu örnekleri:
['2021-11-08']
[2025-02-12 10:06:46] GL sütunu örnekleri:
['2021-11-09']
[2025-02-12 10:06:46] GM sütunu örnekleri:
['2021-11-10']
[2025-02-12 10:06:46] GN sütunu örnekleri:
['2021-11-11']
[2025-02-12 10:06:46] GO sütunu örnekleri:
['2021-11-12']
[2025-02-12 10:06:46] GP sütunu örnekleri:
['2021-11-13']
[2025-02-12 10:06:46] GQ sütunu örnekleri:
['2021-11-14']
[2025-02-12 10:06:46] GR sütunu örnekleri:
['2021-11-15']
[2025-02-12 10:06:46] GS sütunu örnekleri:
['2021-11-16']
[2025-02-12 10:06:46] GT sütunu örnekleri:
['2021-11-17']
[2025-02-12 10:06:46] GU sütunu örnekleri:
['2021-11-18']
[2025-02-12 10:06:46] GV sütunu örnekleri:
['2021-11-19']
[2025-02-12 10:06:46] GW sütunu örnekleri:
['2021-11-20']
[2025-02-12 10:06:46] GX sütunu örnekleri:
['2021-11-21']
[2025-02-12 10:06:46] GY sütunu örnekleri:
['2021-11-22']
[2025-02-12 10:06:46] GZ sütunu örnekleri:
['2021-11-23']
[2025-02-12 10:06:46] HA sütunu örnekleri:
['2021-11-24']
[2025-02-12 10:06:46] HB sütunu örnekleri:
['2021-11-25']
[2025-02-12 10:06:46] HC sütunu örnekleri:
['2021-11-26']
[2025-02-12 10:06:46] HD sütunu örnekleri:
['2021-11-27']
[2025-02-12 10:06:46] HE sütunu örnekleri:
['2021-11-28']
[2025-02-12 10:06:46] HF sütunu örnekleri:
['2021-11-29']
[2025-02-12 10:06:46] HG sütunu örnekleri:
['2021-11-30']
[2025-02-12 10:06:46] HH sütunu örnekleri:
['2021-12-01']
[2025-02-12 10:06:46] HI sütunu örnekleri:
['2021-12-02']
[2025-02-12 10:06:46] HJ sütunu örnekleri:
['2021-12-03']
[2025-02-12 10:06:46] HK sütunu örnekleri:
['2021-12-04']
[2025-02-12 10:06:46] HL sütunu örnekleri:
['2021-12-05']
[2025-02-12 10:06:46] HM sütunu örnekleri:
['2021-12-06']
[2025-02-12 10:06:46] HN sütunu örnekleri:
['2021-12-07']
[2025-02-12 10:06:46] HO sütunu örnekleri:
['2021-12-08']
[2025-02-12 10:06:46] HP sütunu örnekleri:
['2021-12-09']
[2025-02-12 10:06:46] HQ sütunu örnekleri:
['2021-12-10']
[2025-02-12 10:06:46] HR sütunu örnekleri:
['2021-12-11']
[2025-02-12 10:06:46] HS sütunu örnekleri:
['2021-12-12']
[2025-02-12 10:06:46] HT sütunu örnekleri:
['2021-12-13']
[2025-02-12 10:06:46] HU sütunu örnekleri:
['2021-12-14']
[2025-02-12 10:06:46] HV sütunu örnekleri:
['2021-12-15']
[2025-02-12 10:06:46] HW sütunu örnekleri:
['2021-12-16']
[2025-02-12 10:06:46] HX sütunu örnekleri:
['2021-12-17']
[2025-02-12 10:06:46] HY sütunu örnekleri:
['2021-12-18']
[2025-02-12 10:06:46] HZ sütunu örnekleri:
['2021-12-19']
[2025-02-12 10:06:46] IA sütunu örnekleri:
['2021-12-20']
[2025-02-12 10:06:46] IB sütunu örnekleri:
['2021-12-21']
[2025-02-12 10:06:46] IC sütunu örnekleri:
['2021-12-22']
[2025-02-12 10:06:46] ID sütunu örnekleri:
['2021-12-23']
[2025-02-12 10:06:46] IE sütunu örnekleri:
['2021-12-24']
[2025-02-12 10:06:46] IF sütunu örnekleri:
['2021-12-25']
[2025-02-12 10:06:46] IG sütunu örnekleri:
['2021-12-26']
[2025-02-12 10:06:46] IH sütunu örnekleri:
['2021-12-27']
[2025-02-12 10:06:46] II sütunu örnekleri:
['2021-12-28']
[2025-02-12 10:06:46] IJ sütunu örnekleri:
['2021-12-29']
[2025-02-12 10:06:46] IK sütunu örnekleri:
['2021-12-30']
[2025-02-12 10:06:46] IL sütunu örnekleri:
['2021-12-31']
[2025-02-12 10:06:46] IM sütunu örnekleri:
['2022-01-01']
[2025-02-12 10:08:32] Toplam sütun sayısı: 247
[2025-02-12 10:08:32] İlk 5 satır önizleme:
     0          1          2          3          4          5          6          7          8          9          10         11         12         13         14         15         16         17         18         19         20         21         22         23         24         25         26         27         28         29         30         31         32         33         34         35         36         37         38         39         40         41         42         43         44         45         46         47         48         49         50         51         52         53         54         55         56         57         58         59         60         61         62         63         64         65         66         67         68         69         70         71         72         73         74         75         76         77         78         79         80         81         82         83         84         85         86         87         88         89         90         91         92         93         94         95         96         97         98         99         100        101        102        103        104        105        106        107        108        109        110        111        112        113        114        115        116        117        118        119        120        121        122        123        124        125        126        127        128        129        130        131        132        133        134        135        136        137        138        139        140        141        142        143        144        145        146        147        148        149        150        151        152        153        154        155        156        157        158        159        160        161        162        163        164        165        166        167        168        169        170        171        172        173        174        175        176        177        178        179        180        181        182        183        184        185        186        187        188        189        190        191        192        193        194        195        196        197        198        199        200        201        202        203        204        205        206        207        208        209        210        211        212        213        214        215        216        217        218        219        220        221        222        223        224        225        226        227        228        229        230        231        232        233        234        235        236        237        238        239        240        241        242        243        244        245        246
0    NaN 2021-05-01 2021-05-02 2021-05-03 2021-05-04 2021-05-05 2021-05-06 2021-05-07 2021-05-08 2021-05-09 2021-05-10 2021-05-11 2021-05-12 2021-05-13 2021-05-14 2021-05-15 2021-05-16 2021-05-17 2021-05-18 2021-05-19 2021-05-20 2021-05-21 2021-05-22 2021-05-23 2021-05-24 2021-05-25 2021-05-26 2021-05-27 2021-05-28 2021-05-29 2021-05-30 2021-05-31 2021-06-01 2021-06-02 2021-06-03 2021-06-04 2021-06-05 2021-06-06 2021-06-07 2021-06-08 2021-06-09 2021-06-10 2021-06-11 2021-06-12 2021-06-13 2021-06-14 2021-06-15 2021-06-16 2021-06-17 2021-06-18 2021-06-19 2021-06-20 2021-06-21 2021-06-22 2021-06-23 2021-06-24 2021-06-25 2021-06-26 2021-06-27 2021-06-28 2021-06-29 2021-06-30 2021-07-01 2021-07-02 2021-07-03 2021-07-04 2021-07-05 2021-07-06 2021-07-07 2021-07-08 2021-07-09 2021-07-10 2021-07-11 2021-07-12 2021-07-13 2021-07-14 2021-07-15 2021-07-16 2021-07-17 2021-07-18 2021-07-19 2021-07-20 2021-07-21 2021-07-22 2021-07-23 2021-07-24 2021-07-25 2021-07-26 2021-07-27 2021-07-28 2021-07-29 2021-07-30 2021-07-31 2021-08-01 2021-08-02 2021-08-03 2021-08-04 2021-08-05 2021-08-06 2021-08-07 2021-08-08 2021-08-09 2021-08-10 2021-08-11 2021-08-12 2021-08-13 2021-08-14 2021-08-15 2021-08-16 2021-08-17 2021-08-18 2021-08-19 2021-08-20 2021-08-21 2021-08-22 2021-08-23 2021-08-24 2021-08-25 2021-08-26 2021-08-27 2021-08-28 2021-08-29 2021-08-30 2021-08-31 2021-09-01 2021-09-02 2021-09-03 2021-09-04 2021-09-05 2021-09-06 2021-09-07 2021-09-08 2021-09-09 2021-09-10 2021-09-11 2021-09-12 2021-09-13 2021-09-14 2021-09-15 2021-09-16 2021-09-17 2021-09-18 2021-09-19 2021-09-20 2021-09-21 2021-09-22 2021-09-23 2021-09-24 2021-09-25 2021-09-26 2021-09-27 2021-09-28 2021-09-29 2021-09-30 2021-10-01 2021-10-02 2021-10-03 2021-10-04 2021-10-05 2021-10-06 2021-10-07 2021-10-08 2021-10-09 2021-10-10 2021-10-11 2021-10-12 2021-10-13 2021-10-14 2021-10-15 2021-10-16 2021-10-17 2021-10-18 2021-10-19 2021-10-20 2021-10-21 2021-10-22 2021-10-23 2021-10-24 2021-10-25 2021-10-26 2021-10-27 2021-10-28 2021-10-29 2021-10-30 2021-10-31 2021-11-01 2021-11-02 2021-11-03 2021-11-04 2021-11-05 2021-11-06 2021-11-07 2021-11-08 2021-11-09 2021-11-10 2021-11-11 2021-11-12 2021-11-13 2021-11-14 2021-11-15 2021-11-16 2021-11-17 2021-11-18 2021-11-19 2021-11-20 2021-11-21 2021-11-22 2021-11-23 2021-11-24 2021-11-25 2021-11-26 2021-11-27 2021-11-28 2021-11-29 2021-11-30 2021-12-01 2021-12-02 2021-12-03 2021-12-04 2021-12-05 2021-12-06 2021-12-07 2021-12-08 2021-12-09 2021-12-10 2021-12-11 2021-12-12 2021-12-13 2021-12-14 2021-12-15 2021-12-16 2021-12-17 2021-12-18 2021-12-19 2021-12-20 2021-12-21 2021-12-22 2021-12-23 2021-12-24 2021-12-25 2021-12-26 2021-12-27 2021-12-28 2021-12-29 2021-12-30 2021-12-31 2022-01-01
1  ODA 1        NaT        NaT        NaT        NaT        NaT        NaT        NaT        NaT        NaT        NaT        NaT        NaT        NaT        NaT        NaT        NaT        NaT        NaT        NaT        NaT        NaT        NaT        NaT        NaT        NaT        NaT        NaT        NaT        NaT        NaT        NaT        NaT        NaT        NaT        NaT        NaT        NaT        NaT        NaT        NaT        NaT        NaT        NaT        NaT        NaT        NaT        NaT        NaT        NaT        NaT        NaT        NaT        NaT        NaT        NaT        NaT        NaT        NaT        NaT        NaT        NaT        NaT        NaT        NaT        NaT        NaT        NaT        NaT        NaT        NaT        NaT        NaT        NaT        NaT        NaT        NaT        NaT        NaT        NaT        NaT        NaT        NaT        NaT        NaT        NaT        NaT        NaT        NaT        NaT        NaT        NaT        NaT        NaT        NaT        NaT        NaT        NaT        NaT        NaT        NaT        NaT        NaT        NaT        NaT        NaT        NaT        NaT        NaT        NaT        NaT        NaT        NaT        NaT        NaT        NaT        NaT        NaT        NaT        NaT        NaT        NaT        NaT        NaT        NaT        NaT        NaT        NaT        NaT        NaT        NaT        NaT        NaT        NaT        NaT        NaT        NaT        NaT        NaT        NaT        NaT        NaT        NaT        NaT        NaT        NaT        NaT        NaT        NaT        NaT        NaT        NaT        NaT        NaT        NaT        NaT        NaT        NaT        NaT        NaT        NaT        NaT        NaT        NaT        NaT        NaT        NaT        NaT        NaT        NaT        NaT        NaT        NaT        NaT        NaT        NaT        NaT        NaT        NaT        NaT        NaT        NaT        NaT        NaT        NaT        NaT        NaT        NaT        NaT        NaT        NaT        NaT        NaT        NaT        NaT        NaT        NaT        NaT        NaT        NaT        NaT        NaT        NaT        NaT        NaT        NaT        NaT        NaT        NaT        NaT        NaT        NaT        NaT        NaT        NaT        NaT        NaT        NaT        NaT        NaT        NaT        NaT        NaT        NaT        NaT        NaT        NaT        NaT        NaT        NaT        NaT        NaT        NaT        NaT        NaT        NaT        NaT        NaT        NaT        NaT        NaT        NaT        NaT        NaT        NaT        NaT        NaT
2  ODA 2        NaT        NaT        NaT        NaT        NaT        NaT        NaT        NaT        NaT        NaT        NaT        NaT        NaT        NaT        NaT        NaT        NaT        NaT        NaT        NaT        NaT        NaT        NaT        NaT        NaT        NaT        NaT        NaT        NaT        NaT        NaT        NaT        NaT        NaT        NaT        NaT        NaT        NaT        NaT        NaT        NaT        NaT        NaT        NaT        NaT        NaT        NaT        NaT        NaT        NaT        NaT        NaT        NaT        NaT        NaT        NaT        NaT        NaT        NaT        NaT        NaT        NaT        NaT        NaT        NaT        NaT        NaT        NaT        NaT        NaT        NaT        NaT        NaT        NaT        NaT        NaT        NaT        NaT        NaT        NaT        NaT        NaT        NaT        NaT        NaT        NaT        NaT        NaT        NaT        NaT        NaT        NaT        NaT        NaT        NaT        NaT        NaT        NaT        NaT        NaT        NaT        NaT        NaT        NaT        NaT        NaT        NaT        NaT        NaT        NaT        NaT        NaT        NaT        NaT        NaT        NaT        NaT        NaT        NaT        NaT        NaT        NaT        NaT        NaT        NaT        NaT        NaT        NaT        NaT        NaT        NaT        NaT        NaT        NaT        NaT        NaT        NaT        NaT        NaT        NaT        NaT        NaT        NaT        NaT        NaT        NaT        NaT        NaT        NaT        NaT        NaT        NaT        NaT        NaT        NaT        NaT        NaT        NaT        NaT        NaT        NaT        NaT        NaT        NaT        NaT        NaT        NaT        NaT        NaT        NaT        NaT        NaT        NaT        NaT        NaT        NaT        NaT        NaT        NaT        NaT        NaT        NaT        NaT        NaT        NaT        NaT        NaT        NaT        NaT        NaT        NaT        NaT        NaT        NaT        NaT        NaT        NaT        NaT        NaT        NaT        NaT        NaT        NaT        NaT        NaT        NaT        NaT        NaT        NaT        NaT        NaT        NaT        NaT        NaT        NaT        NaT        NaT        NaT        NaT        NaT        NaT        NaT        NaT        NaT        NaT        NaT        NaT        NaT        NaT        NaT        NaT        NaT        NaT        NaT        NaT        NaT        NaT        NaT        NaT        NaT        NaT        NaT        NaT        NaT        NaT        NaT
3  ODA 3        NaT        NaT        NaT        NaT        NaT        NaT        NaT        NaT        NaT        NaT        NaT        NaT        NaT        NaT        NaT        NaT        NaT        NaT        NaT        NaT        NaT        NaT        NaT        NaT        NaT        NaT        NaT        NaT        NaT        NaT        NaT        NaT        NaT        NaT        NaT        NaT        NaT        NaT        NaT        NaT        NaT        NaT        NaT        NaT        NaT        NaT        NaT        NaT        NaT        NaT        NaT        NaT        NaT        NaT        NaT        NaT        NaT        NaT        NaT        NaT        NaT        NaT        NaT        NaT        NaT        NaT        NaT        NaT        NaT        NaT        NaT        NaT        NaT        NaT        NaT        NaT        NaT        NaT        NaT        NaT        NaT        NaT        NaT        NaT        NaT        NaT        NaT        NaT        NaT        NaT        NaT        NaT        NaT        NaT        NaT        NaT        NaT        NaT        NaT        NaT        NaT        NaT        NaT        NaT        NaT        NaT        NaT        NaT        NaT        NaT        NaT        NaT        NaT        NaT        NaT        NaT        NaT        NaT        NaT        NaT        NaT        NaT        NaT        NaT        NaT        NaT        NaT        NaT        NaT        NaT        NaT        NaT        NaT        NaT        NaT        NaT        NaT        NaT        NaT        NaT        NaT        NaT        NaT        NaT        NaT        NaT        NaT        NaT        NaT        NaT        NaT        NaT        NaT        NaT        NaT        NaT        NaT        NaT        NaT        NaT        NaT        NaT        NaT        NaT        NaT        NaT        NaT        NaT        NaT        NaT        NaT        NaT        NaT        NaT        NaT        NaT        NaT        NaT        NaT        NaT        NaT        NaT        NaT        NaT        NaT        NaT        NaT        NaT        NaT        NaT        NaT        NaT        NaT        NaT        NaT        NaT        NaT        NaT        NaT        NaT        NaT        NaT        NaT        NaT        NaT        NaT        NaT        NaT        NaT        NaT        NaT        NaT        NaT        NaT        NaT        NaT        NaT        NaT        NaT        NaT        NaT        NaT        NaT        NaT        NaT        NaT        NaT        NaT        NaT        NaT        NaT        NaT        NaT        NaT        NaT        NaT        NaT        NaT        NaT        NaT        NaT        NaT        NaT        NaT        NaT        NaT
4  ODA 4        NaT        NaT        NaT        NaT        NaT        NaT        NaT        NaT        NaT        NaT        NaT        NaT        NaT        NaT        NaT        NaT        NaT        NaT        NaT        NaT        NaT        NaT        NaT        NaT        NaT        NaT        NaT        NaT        NaT        NaT        NaT        NaT        NaT        NaT        NaT        NaT        NaT        NaT        NaT        NaT        NaT        NaT        NaT        NaT        NaT        NaT        NaT        NaT        NaT        NaT        NaT        NaT        NaT        NaT        NaT        NaT        NaT        NaT        NaT        NaT        NaT        NaT        NaT        NaT        NaT        NaT        NaT        NaT        NaT        NaT        NaT        NaT        NaT        NaT        NaT        NaT        NaT        NaT        NaT        NaT        NaT        NaT        NaT        NaT        NaT        NaT        NaT        NaT        NaT        NaT        NaT        NaT        NaT        NaT        NaT        NaT        NaT        NaT        NaT        NaT        NaT        NaT        NaT        NaT        NaT        NaT        NaT        NaT        NaT        NaT        NaT        NaT        NaT        NaT        NaT        NaT        NaT        NaT        NaT        NaT        NaT        NaT        NaT        NaT        NaT        NaT        NaT        NaT        NaT        NaT        NaT        NaT        NaT        NaT        NaT        NaT        NaT        NaT        NaT        NaT        NaT        NaT        NaT        NaT        NaT        NaT        NaT        NaT        NaT        NaT        NaT        NaT        NaT        NaT        NaT        NaT        NaT        NaT        NaT        NaT        NaT        NaT        NaT        NaT        NaT        NaT        NaT        NaT        NaT        NaT        NaT        NaT        NaT        NaT        NaT        NaT        NaT        NaT        NaT        NaT        NaT        NaT        NaT        NaT        NaT        NaT        NaT        NaT        NaT        NaT        NaT        NaT        NaT        NaT        NaT        NaT        NaT        NaT        NaT        NaT        NaT        NaT        NaT        NaT        NaT        NaT        NaT        NaT        NaT        NaT        NaT        NaT        NaT        NaT        NaT        NaT        NaT        NaT        NaT        NaT        NaT        NaT        NaT        NaT        NaT        NaT        NaT        NaT        NaT        NaT        NaT        NaT        NaT        NaT        NaT        NaT        NaT        NaT        NaT        NaT        NaT        NaT        NaT        NaT        NaT        NaT
[2025-02-12 10:08:32] A sütunu örnekleri:
['ODA 1', 'ODA 2', 'ODA 3']
[2025-02-12 10:08:32] B sütunu örnekleri:
['2021-05-01']
[2025-02-12 10:08:32] C sütunu örnekleri:
['2021-05-02']
[2025-02-12 10:08:32] D sütunu örnekleri:
['2021-05-03']
[2025-02-12 10:08:32] E sütunu örnekleri:
['2021-05-04']
[2025-02-12 10:08:32] F sütunu örnekleri:
['2021-05-05']
[2025-02-12 10:08:32] G sütunu örnekleri:
['2021-05-06']
[2025-02-12 10:08:32] H sütunu örnekleri:
['2021-05-07']
[2025-02-12 10:08:32] I sütunu örnekleri:
['2021-05-08']
[2025-02-12 10:08:32] J sütunu örnekleri:
['2021-05-09']
[2025-02-12 10:08:32] K sütunu örnekleri:
['2021-05-10']
[2025-02-12 10:08:32] L sütunu örnekleri:
['2021-05-11']
[2025-02-12 10:08:32] M sütunu örnekleri:
['2021-05-12']
[2025-02-12 10:08:32] N sütunu örnekleri:
['2021-05-13']
[2025-02-12 10:08:32] O sütunu örnekleri:
['2021-05-14']
[2025-02-12 10:08:32] P sütunu örnekleri:
['2021-05-15']
[2025-02-12 10:08:32] Q sütunu örnekleri:
['2021-05-16']
[2025-02-12 10:08:32] R sütunu örnekleri:
['2021-05-17']
[2025-02-12 10:08:32] S sütunu örnekleri:
['2021-05-18']
[2025-02-12 10:08:32] T sütunu örnekleri:
['2021-05-19']
[2025-02-12 10:08:32] U sütunu örnekleri:
['2021-05-20']
[2025-02-12 10:08:32] V sütunu örnekleri:
['2021-05-21']
[2025-02-12 10:08:32] W sütunu örnekleri:
['2021-05-22']
[2025-02-12 10:08:32] X sütunu örnekleri:
['2021-05-23']
[2025-02-12 10:08:32] Y sütunu örnekleri:
['2021-05-24']
[2025-02-12 10:08:32] Z sütunu örnekleri:
['2021-05-25']
[2025-02-12 10:08:32] AA sütunu örnekleri:
['2021-05-26']
[2025-02-12 10:08:32] AB sütunu örnekleri:
['2021-05-27']
[2025-02-12 10:08:32] AC sütunu örnekleri:
['2021-05-28']
[2025-02-12 10:08:32] AD sütunu örnekleri:
['2021-05-29']
[2025-02-12 10:08:32] AE sütunu örnekleri:
['2021-05-30']
[2025-02-12 10:08:32] AF sütunu örnekleri:
['2021-05-31']
[2025-02-12 10:08:32] AG sütunu örnekleri:
['2021-06-01']
[2025-02-12 10:08:32] AH sütunu örnekleri:
['2021-06-02']
[2025-02-12 10:08:32] AI sütunu örnekleri:
['2021-06-03']
[2025-02-12 10:08:32] AJ sütunu örnekleri:
['2021-06-04']
[2025-02-12 10:08:32] AK sütunu örnekleri:
['2021-06-05']
[2025-02-12 10:08:32] AL sütunu örnekleri:
['2021-06-06']
[2025-02-12 10:08:32] AM sütunu örnekleri:
['2021-06-07']
[2025-02-12 10:08:32] AN sütunu örnekleri:
['2021-06-08']
[2025-02-12 10:08:32] AO sütunu örnekleri:
['2021-06-09']
[2025-02-12 10:08:32] AP sütunu örnekleri:
['2021-06-10']
[2025-02-12 10:08:32] AQ sütunu örnekleri:
['2021-06-11']
[2025-02-12 10:08:32] AR sütunu örnekleri:
['2021-06-12']
[2025-02-12 10:08:32] AS sütunu örnekleri:
['2021-06-13']
[2025-02-12 10:08:32] AT sütunu örnekleri:
['2021-06-14']
[2025-02-12 10:08:32] AU sütunu örnekleri:
['2021-06-15']
[2025-02-12 10:08:32] AV sütunu örnekleri:
['2021-06-16']
[2025-02-12 10:08:32] AW sütunu örnekleri:
['2021-06-17']
[2025-02-12 10:08:32] AX sütunu örnekleri:
['2021-06-18']
[2025-02-12 10:08:32] AY sütunu örnekleri:
['2021-06-19']
[2025-02-12 10:08:32] AZ sütunu örnekleri:
['2021-06-20']
[2025-02-12 10:08:32] BA sütunu örnekleri:
['2021-06-21']
[2025-02-12 10:08:32] BB sütunu örnekleri:
['2021-06-22']
[2025-02-12 10:08:32] BC sütunu örnekleri:
['2021-06-23']
[2025-02-12 10:08:32] BD sütunu örnekleri:
['2021-06-24']
[2025-02-12 10:08:32] BE sütunu örnekleri:
['2021-06-25']
[2025-02-12 10:08:32] BF sütunu örnekleri:
['2021-06-26']
[2025-02-12 10:08:32] BG sütunu örnekleri:
['2021-06-27']
[2025-02-12 10:08:32] BH sütunu örnekleri:
['2021-06-28']
[2025-02-12 10:08:32] BI sütunu örnekleri:
['2021-06-29']
[2025-02-12 10:08:32] BJ sütunu örnekleri:
['2021-06-30']
[2025-02-12 10:08:32] BK sütunu örnekleri:
['2021-07-01']
[2025-02-12 10:08:32] BL sütunu örnekleri:
['2021-07-02']
[2025-02-12 10:08:32] BM sütunu örnekleri:
['2021-07-03']
[2025-02-12 10:08:32] BN sütunu örnekleri:
['2021-07-04']
[2025-02-12 10:08:32] BO sütunu örnekleri:
['2021-07-05']
[2025-02-12 10:08:32] BP sütunu örnekleri:
['2021-07-06']
[2025-02-12 10:08:32] BQ sütunu örnekleri:
['2021-07-07']
[2025-02-12 10:08:32] BR sütunu örnekleri:
['2021-07-08']
[2025-02-12 10:08:32] BS sütunu örnekleri:
['2021-07-09']
[2025-02-12 10:08:32] BT sütunu örnekleri:
['2021-07-10']
[2025-02-12 10:08:32] BU sütunu örnekleri:
['2021-07-11']
[2025-02-12 10:08:32] BV sütunu örnekleri:
['2021-07-12']
[2025-02-12 10:08:32] BW sütunu örnekleri:
['2021-07-13']
[2025-02-12 10:08:32] BX sütunu örnekleri:
['2021-07-14']
[2025-02-12 10:08:32] BY sütunu örnekleri:
['2021-07-15']
[2025-02-12 10:08:32] BZ sütunu örnekleri:
['2021-07-16']
[2025-02-12 10:08:32] CA sütunu örnekleri:
['2021-07-17']
[2025-02-12 10:08:32] CB sütunu örnekleri:
['2021-07-18']
[2025-02-12 10:08:32] CC sütunu örnekleri:
['2021-07-19']
[2025-02-12 10:08:32] CD sütunu örnekleri:
['2021-07-20']
[2025-02-12 10:08:32] CE sütunu örnekleri:
['2021-07-21']
[2025-02-12 10:08:32] CF sütunu örnekleri:
['2021-07-22']
[2025-02-12 10:08:32] CG sütunu örnekleri:
['2021-07-23']
[2025-02-12 10:08:32] CH sütunu örnekleri:
['2021-07-24']
[2025-02-12 10:08:32] CI sütunu örnekleri:
['2021-07-25']
[2025-02-12 10:08:32] CJ sütunu örnekleri:
['2021-07-26']
[2025-02-12 10:08:32] CK sütunu örnekleri:
['2021-07-27']
[2025-02-12 10:08:32] CL sütunu örnekleri:
['2021-07-28']
[2025-02-12 10:08:32] CM sütunu örnekleri:
['2021-07-29']
[2025-02-12 10:08:32] CN sütunu örnekleri:
['2021-07-30']
[2025-02-12 10:08:32] CO sütunu örnekleri:
['2021-07-31']
[2025-02-12 10:08:32] CP sütunu örnekleri:
['2021-08-01']
[2025-02-12 10:08:32] CQ sütunu örnekleri:
['2021-08-02']
[2025-02-12 10:08:32] CR sütunu örnekleri:
['2021-08-03']
[2025-02-12 10:08:32] CS sütunu örnekleri:
['2021-08-04']
[2025-02-12 10:08:32] CT sütunu örnekleri:
['2021-08-05']
[2025-02-12 10:08:32] CU sütunu örnekleri:
['2021-08-06']
[2025-02-12 10:08:32] CV sütunu örnekleri:
['2021-08-07']
[2025-02-12 10:08:32] CW sütunu örnekleri:
['2021-08-08']
[2025-02-12 10:08:32] CX sütunu örnekleri:
['2021-08-09']
[2025-02-12 10:08:32] CY sütunu örnekleri:
['2021-08-10']
[2025-02-12 10:08:32] CZ sütunu örnekleri:
['2021-08-11']
[2025-02-12 10:08:32] DA sütunu örnekleri:
['2021-08-12']
[2025-02-12 10:08:32] DB sütunu örnekleri:
['2021-08-13']
[2025-02-12 10:08:32] DC sütunu örnekleri:
['2021-08-14']
[2025-02-12 10:08:32] DD sütunu örnekleri:
['2021-08-15']
[2025-02-12 10:08:32] DE sütunu örnekleri:
['2021-08-16']
[2025-02-12 10:08:32] DF sütunu örnekleri:
['2021-08-17']
[2025-02-12 10:08:32] DG sütunu örnekleri:
['2021-08-18']
[2025-02-12 10:08:32] DH sütunu örnekleri:
['2021-08-19']
[2025-02-12 10:08:32] DI sütunu örnekleri:
['2021-08-20']
[2025-02-12 10:08:32] DJ sütunu örnekleri:
['2021-08-21']
[2025-02-12 10:08:32] DK sütunu örnekleri:
['2021-08-22']
[2025-02-12 10:08:32] DL sütunu örnekleri:
['2021-08-23']
[2025-02-12 10:08:32] DM sütunu örnekleri:
['2021-08-24']
[2025-02-12 10:08:32] DN sütunu örnekleri:
['2021-08-25']
[2025-02-12 10:08:32] DO sütunu örnekleri:
['2021-08-26']
[2025-02-12 10:08:32] DP sütunu örnekleri:
['2021-08-27']
[2025-02-12 10:08:32] DQ sütunu örnekleri:
['2021-08-28']
[2025-02-12 10:08:32] DR sütunu örnekleri:
['2021-08-29']
[2025-02-12 10:08:32] DS sütunu örnekleri:
['2021-08-30']
[2025-02-12 10:08:32] DT sütunu örnekleri:
['2021-08-31']
[2025-02-12 10:08:32] DU sütunu örnekleri:
['2021-09-01']
[2025-02-12 10:08:32] DV sütunu örnekleri:
['2021-09-02']
[2025-02-12 10:08:32] DW sütunu örnekleri:
['2021-09-03']
[2025-02-12 10:08:32] DX sütunu örnekleri:
['2021-09-04']
[2025-02-12 10:08:32] DY sütunu örnekleri:
['2021-09-05']
[2025-02-12 10:08:32] DZ sütunu örnekleri:
['2021-09-06']
[2025-02-12 10:08:32] EA sütunu örnekleri:
['2021-09-07']
[2025-02-12 10:08:32] EB sütunu örnekleri:
['2021-09-08']
[2025-02-12 10:08:32] EC sütunu örnekleri:
['2021-09-09']
[2025-02-12 10:08:32] ED sütunu örnekleri:
['2021-09-10']
[2025-02-12 10:08:32] EE sütunu örnekleri:
['2021-09-11']
[2025-02-12 10:08:32] EF sütunu örnekleri:
['2021-09-12']
[2025-02-12 10:08:32] EG sütunu örnekleri:
['2021-09-13']
[2025-02-12 10:08:32] EH sütunu örnekleri:
['2021-09-14']
[2025-02-12 10:08:32] EI sütunu örnekleri:
['2021-09-15']
[2025-02-12 10:08:32] EJ sütunu örnekleri:
['2021-09-16']
[2025-02-12 10:08:32] EK sütunu örnekleri:
['2021-09-17']
[2025-02-12 10:08:32] EL sütunu örnekleri:
['2021-09-18']
[2025-02-12 10:08:32] EM sütunu örnekleri:
['2021-09-19']
[2025-02-12 10:08:32] EN sütunu örnekleri:
['2021-09-20']
[2025-02-12 10:08:32] EO sütunu örnekleri:
['2021-09-21']
[2025-02-12 10:08:32] EP sütunu örnekleri:
['2021-09-22']
[2025-02-12 10:08:32] EQ sütunu örnekleri:
['2021-09-23']
[2025-02-12 10:08:32] ER sütunu örnekleri:
['2021-09-24']
[2025-02-12 10:08:32] ES sütunu örnekleri:
['2021-09-25']
[2025-02-12 10:08:32] ET sütunu örnekleri:
['2021-09-26']
[2025-02-12 10:08:32] EU sütunu örnekleri:
['2021-09-27']
[2025-02-12 10:08:32] EV sütunu örnekleri:
['2021-09-28']
[2025-02-12 10:08:32] EW sütunu örnekleri:
['2021-09-29']
[2025-02-12 10:08:32] EX sütunu örnekleri:
['2021-09-30']
[2025-02-12 10:08:32] EY sütunu örnekleri:
['2021-10-01']
[2025-02-12 10:08:32] EZ sütunu örnekleri:
['2021-10-02']
[2025-02-12 10:08:32] FA sütunu örnekleri:
['2021-10-03']
[2025-02-12 10:08:32] FB sütunu örnekleri:
['2021-10-04']
[2025-02-12 10:08:32] FC sütunu örnekleri:
['2021-10-05']
[2025-02-12 10:08:32] FD sütunu örnekleri:
['2021-10-06']
[2025-02-12 10:08:32] FE sütunu örnekleri:
['2021-10-07']
[2025-02-12 10:08:32] FF sütunu örnekleri:
['2021-10-08']
[2025-02-12 10:08:32] FG sütunu örnekleri:
['2021-10-09']
[2025-02-12 10:08:32] FH sütunu örnekleri:
['2021-10-10']
[2025-02-12 10:08:32] FI sütunu örnekleri:
['2021-10-11']
[2025-02-12 10:08:32] FJ sütunu örnekleri:
['2021-10-12']
[2025-02-12 10:08:32] FK sütunu örnekleri:
['2021-10-13']
[2025-02-12 10:08:32] FL sütunu örnekleri:
['2021-10-14']
[2025-02-12 10:08:32] FM sütunu örnekleri:
['2021-10-15']
[2025-02-12 10:08:32] FN sütunu örnekleri:
['2021-10-16']
[2025-02-12 10:08:32] FO sütunu örnekleri:
['2021-10-17']
[2025-02-12 10:08:32] FP sütunu örnekleri:
['2021-10-18']
[2025-02-12 10:08:32] FQ sütunu örnekleri:
['2021-10-19']
[2025-02-12 10:08:32] FR sütunu örnekleri:
['2021-10-20']
[2025-02-12 10:08:32] FS sütunu örnekleri:
['2021-10-21']
[2025-02-12 10:08:32] FT sütunu örnekleri:
['2021-10-22']
[2025-02-12 10:08:32] FU sütunu örnekleri:
['2021-10-23']
[2025-02-12 10:08:32] FV sütunu örnekleri:
['2021-10-24']
[2025-02-12 10:08:32] FW sütunu örnekleri:
['2021-10-25']
[2025-02-12 10:08:32] FX sütunu örnekleri:
['2021-10-26']
[2025-02-12 10:08:32] FY sütunu örnekleri:
['2021-10-27']
[2025-02-12 10:08:32] FZ sütunu örnekleri:
['2021-10-28']
[2025-02-12 10:08:32] GA sütunu örnekleri:
['2021-10-29']
[2025-02-12 10:08:32] GB sütunu örnekleri:
['2021-10-30']
[2025-02-12 10:08:32] GC sütunu örnekleri:
['2021-10-31']
[2025-02-12 10:08:32] GD sütunu örnekleri:
['2021-11-01']
[2025-02-12 10:08:32] GE sütunu örnekleri:
['2021-11-02']
[2025-02-12 10:08:32] GF sütunu örnekleri:
['2021-11-03']
[2025-02-12 10:08:32] GG sütunu örnekleri:
['2021-11-04']
[2025-02-12 10:08:32] GH sütunu örnekleri:
['2021-11-05']
[2025-02-12 10:08:32] GI sütunu örnekleri:
['2021-11-06']
[2025-02-12 10:08:32] GJ sütunu örnekleri:
['2021-11-07']
[2025-02-12 10:08:32] GK sütunu örnekleri:
['2021-11-08']
[2025-02-12 10:08:32] GL sütunu örnekleri:
['2021-11-09']
[2025-02-12 10:08:32] GM sütunu örnekleri:
['2021-11-10']
[2025-02-12 10:08:32] GN sütunu örnekleri:
['2021-11-11']
[2025-02-12 10:08:32] GO sütunu örnekleri:
['2021-11-12']
[2025-02-12 10:08:32] GP sütunu örnekleri:
['2021-11-13']
[2025-02-12 10:08:32] GQ sütunu örnekleri:
['2021-11-14']
[2025-02-12 10:08:32] GR sütunu örnekleri:
['2021-11-15']
[2025-02-12 10:08:32] GS sütunu örnekleri:
['2021-11-16']
[2025-02-12 10:08:32] GT sütunu örnekleri:
['2021-11-17']
[2025-02-12 10:08:32] GU sütunu örnekleri:
['2021-11-18']
[2025-02-12 10:08:32] GV sütunu örnekleri:
['2021-11-19']
[2025-02-12 10:08:32] GW sütunu örnekleri:
['2021-11-20']
[2025-02-12 10:08:32] GX sütunu örnekleri:
['2021-11-21']
[2025-02-12 10:08:32] GY sütunu örnekleri:
['2021-11-22']
[2025-02-12 10:08:32] GZ sütunu örnekleri:
['2021-11-23']
[2025-02-12 10:08:32] HA sütunu örnekleri:
['2021-11-24']
[2025-02-12 10:08:32] HB sütunu örnekleri:
['2021-11-25']
[2025-02-12 10:08:32] HC sütunu örnekleri:
['2021-11-26']
[2025-02-12 10:08:32] HD sütunu örnekleri:
['2021-11-27']
[2025-02-12 10:08:32] HE sütunu örnekleri:
['2021-11-28']
[2025-02-12 10:08:32] HF sütunu örnekleri:
['2021-11-29']
[2025-02-12 10:08:32] HG sütunu örnekleri:
['2021-11-30']
[2025-02-12 10:08:32] HH sütunu örnekleri:
['2021-12-01']
[2025-02-12 10:08:32] HI sütunu örnekleri:
['2021-12-02']
[2025-02-12 10:08:32] HJ sütunu örnekleri:
['2021-12-03']
[2025-02-12 10:08:32] HK sütunu örnekleri:
['2021-12-04']
[2025-02-12 10:08:32] HL sütunu örnekleri:
['2021-12-05']
[2025-02-12 10:08:32] HM sütunu örnekleri:
['2021-12-06']
[2025-02-12 10:08:32] HN sütunu örnekleri:
['2021-12-07']
[2025-02-12 10:08:32] HO sütunu örnekleri:
['2021-12-08']
[2025-02-12 10:08:32] HP sütunu örnekleri:
['2021-12-09']
[2025-02-12 10:08:32] HQ sütunu örnekleri:
['2021-12-10']
[2025-02-12 10:08:32] HR sütunu örnekleri:
['2021-12-11']
[2025-02-12 10:08:32] HS sütunu örnekleri:
['2021-12-12']
[2025-02-12 10:08:32] HT sütunu örnekleri:
['2021-12-13']
[2025-02-12 10:08:32] HU sütunu örnekleri:
['2021-12-14']
[2025-02-12 10:08:32] HV sütunu örnekleri:
['2021-12-15']
[2025-02-12 10:08:32] HW sütunu örnekleri:
['2021-12-16']
[2025-02-12 10:08:32] HX sütunu örnekleri:
['2021-12-17']
[2025-02-12 10:08:32] HY sütunu örnekleri:
['2021-12-18']
[2025-02-12 10:08:32] HZ sütunu örnekleri:
['2021-12-19']
[2025-02-12 10:08:32] IA sütunu örnekleri:
['2021-12-20']
[2025-02-12 10:08:32] IB sütunu örnekleri:
['2021-12-21']
[2025-02-12 10:08:32] IC sütunu örnekleri:
['2021-12-22']
[2025-02-12 10:08:32] ID sütunu örnekleri:
['2021-12-23']
[2025-02-12 10:08:32] IE sütunu örnekleri:
['2021-12-24']
[2025-02-12 10:08:32] IF sütunu örnekleri:
['2021-12-25']
[2025-02-12 10:08:32] IG sütunu örnekleri:
['2021-12-26']
[2025-02-12 10:08:32] IH sütunu örnekleri:
['2021-12-27']
[2025-02-12 10:08:32] II sütunu örnekleri:
['2021-12-28']
[2025-02-12 10:08:32] IJ sütunu örnekleri:
['2021-12-29']
[2025-02-12 10:08:32] IK sütunu örnekleri:
['2021-12-30']
[2025-02-12 10:08:32] IL sütunu örnekleri:
['2021-12-31']
[2025-02-12 10:08:32] IM sütunu örnekleri:
['2022-01-01']
