Program başlatıldı
Dosya okunuyor...
Okunan satır sayısı: 7
Regex pattern: (\+?\d{1,3}[\s\-]?)?(\(?\d{2,4}\)?[\s\-]?){2,}\d{3,}

--- Satır 1 İşleniyor ---
SütunA: 2021-12-31 00:00:00 | SütunB: 2022-01-01 00:00:00
 SütunA kontrolü: 2021-12-31 00:00:00
 SütunB kontrolü: 2022-01-01 00:00:00
  Telefon bulunamadı - satır atlandı

--- Satır 2 İşleniyor ---
SütunA: NaT | SütunB: NaT
 SütunA kontrolü: NaT
 SütunB kontrolü: NaT
  Telefon bulunamadı - satır atlandı

--- Satır 3 İşleniyor ---
SütunA: NaT | SütunB: NaT
 SütunA kontrolü: NaT
 SütunB kontrolü: NaT
  Telefon bulunamadı - satır atlandı

--- Satır 4 İşleniyor ---
SütunA: NaT | SütunB: NaT
 SütunA kontrolü: NaT
 SütunB kontrolü: NaT
  Telefon bulunamadı - satır atlandı

--- Satır 5 İşleniyor ---
SütunA: NaT | SütunB: NaT
 SütunA kontrolü: NaT
 SütunB kontrolü: NaT
  Telefon bulunamadı - satır atlandı

--- Satır 6 İşleniyor ---
SütunA: NaT | SütunB: NaT
 SütunA kontrolü: NaT
 SütunB kontrolü: NaT
  Telefon bulunamadı - satır atlandı

--- Satır 7 İşleniyor ---
SütunA: NaT | SütunB: NaT
 SütunA kontrolü: NaT
 SütunB kontrolü: NaT
  Telefon bulunamadı - satır atlandı

Toplam kayıt: 0
Program başarıyla tamamlandı
